{"name":"Dado que estoy en la página de registro de la plataforma","id":"validar-registro-exitoso-de-un-nuevo-socio-conductor;dado-que-estoy-en-la-página-de-registro-de-la-plataforma","testSteps":[{"number":1,"description":"Example: {document\u003d12345, fullName\u003dPEPE CUENCA, email\u003dpepe@gmail.com, phone\u003d3123128223}","duration":12572,"startTime":"2023-11-21T22:00:52.365-05:00[America/Bogota]","exception":{"errorType":"net.thucydides.core.webdriver.exceptions.ElementShouldBeEnabledException","message":"Expected enabled element was not enabled","stackTrace":[{"declaringClass":"co.edu.udea.calidad.taks.AddInformation","methodName":"performAs","fileName":"AddInformation.java","lineNumber":26},{"declaringClass":"co.edu.udea.calidad.stepdefinitions.FindTvInStoreStepDefinitions","methodName":"inputSearchText","fileName":"FindTvInStoreStepDefinitions.java","lineNumber":21},{"declaringClass":"cucumber.runner.Runner","methodName":"runPickle","fileName":"Runner.java","lineNumber":80},{"declaringClass":"worker.org.gradle.process.internal.worker.GradleWorkerMain","methodName":"run","fileName":"GradleWorkerMain.java","lineNumber":69},{"declaringClass":"worker.org.gradle.process.internal.worker.GradleWorkerMain","methodName":"main","fileName":"GradleWorkerMain.java","lineNumber":74}],"rootCause":{"errorType":"org.openqa.selenium.TimeoutException","message":"Expected condition failed: waiting for By.cssSelector: (//button[contains(@class, \u0027mt-3 text-white text-md rounded-full px-4 py-2 font-semibold hover:scale-105 bg-blue-500\u0027)] to be enabled (tried for 5 second(s) with 100 milliseconds interval)","stackTrace":[{"declaringClass":"co.edu.udea.calidad.taks.AddInformation","methodName":"performAs","fileName":"AddInformation.java","lineNumber":26},{"declaringClass":"co.edu.udea.calidad.stepdefinitions.FindTvInStoreStepDefinitions","methodName":"inputSearchText","fileName":"FindTvInStoreStepDefinitions.java","lineNumber":21},{"declaringClass":"cucumber.runner.Runner","methodName":"runPickle","fileName":"Runner.java","lineNumber":80},{"declaringClass":"worker.org.gradle.process.internal.worker.GradleWorkerMain","methodName":"run","fileName":"GradleWorkerMain.java","lineNumber":69},{"declaringClass":"worker.org.gradle.process.internal.worker.GradleWorkerMain","methodName":"main","fileName":"GradleWorkerMain.java","lineNumber":74}],"rootCause":{"errorType":"org.openqa.selenium.InvalidSelectorException","message":"invalid selector: An invalid or illegal selector was specified\n  (Session info: chrome\u003d119.0.6045.160)\nFor documentation on this error, please visit: https://www.seleniumhq.org/exceptions/invalid_selector_exception.html\nBuild info: version: \u00273.141.59\u0027, revision: \u0027e82be7d358\u0027, time: \u00272018-11-14T08:17:03\u0027\nSystem info: host: \u0027MSI_ELVER001\u0027, ip: \u0027192.168.1.61\u0027, os.name: \u0027Windows 10\u0027, os.arch: \u0027amd64\u0027, os.version: \u002710.0\u0027, java.version: \u00271.8.0_201\u0027\nDriver info: org.openqa.selenium.chrome.ChromeDriver\nCapabilities {acceptInsecureCerts: false, browserName: chrome, browserVersion: 119.0.6045.160, chrome: {chromedriverVersion: 119.0.6045.105 (38c72552c5e..., userDataDir: C:\\Users\\arroy\\AppData\\Loca...}, fedcm:accounts: true, goog:chromeOptions: {debuggerAddress: localhost:65035}, javascriptEnabled: true, networkConnectionEnabled: false, pageLoadStrategy: normal, platform: WINDOWS, platformName: WINDOWS, proxy: Proxy(), setWindowRect: true, strictFileInteractability: false, timeouts: {implicit: 0, pageLoad: 300000, script: 30000}, unhandledPromptBehavior: dismiss and notify, webauthn:extension:credBlob: true, webauthn:extension:largeBlob: true, webauthn:extension:minPinLength: true, webauthn:extension:prf: true, webauthn:virtualAuthenticators: true}\nSession ID: 4613bb19c3929884a3216b0c07943577\n*** Element info: {Using\u003dcss selector, value\u003d(//button[contains(@class, \u0027mt-3 text-white text-md rounded-full px-4 py-2 font-semibold hover:scale-105 bg-blue-500\u0027)]}","stackTrace":[{"declaringClass":"co.edu.udea.calidad.taks.AddInformation","methodName":"performAs","fileName":"AddInformation.java","lineNumber":26},{"declaringClass":"co.edu.udea.calidad.stepdefinitions.FindTvInStoreStepDefinitions","methodName":"inputSearchText","fileName":"FindTvInStoreStepDefinitions.java","lineNumber":21},{"declaringClass":"cucumber.runner.Runner","methodName":"runPickle","fileName":"Runner.java","lineNumber":80},{"declaringClass":"worker.org.gradle.process.internal.worker.GradleWorkerMain","methodName":"run","fileName":"GradleWorkerMain.java","lineNumber":69},{"declaringClass":"worker.org.gradle.process.internal.worker.GradleWorkerMain","methodName":"main","fileName":"GradleWorkerMain.java","lineNumber":74}]}}},"result":"FAILURE","precondition":false,"level":0,"children":[{"number":2,"description":"Given El socio entra en la paggina de registrar socio","duration":4899,"startTime":"2023-11-21T22:00:52.406-05:00[America/Bogota]","screenshots":[{"screenshot":"c23799758a522b0741bce8c56160bd7fe442a7b9d7c8f750958ecaca3b40a952.png","timeStamp":1700622057305}],"result":"SUCCESS","precondition":false,"level":1},{"number":3,"description":"When completo el formulario de registro con los siguientes datos:\r\n| document | fullName | email | phone |\r\n| 12345 | PEPE CUENCA | pepe@gmail.com | 3123128223 |","duration":7625,"startTime":"2023-11-21T22:00:57.308-05:00[America/Bogota]","screenshots":[{"screenshot":"c23799758a522b0741bce8c56160bd7fe442a7b9d7c8f750958ecaca3b40a952.png","timeStamp":1700622057309}],"exception":{"errorType":"net.thucydides.core.webdriver.exceptions.ElementShouldBeEnabledException","message":"Expected enabled element was not enabled","stackTrace":[{"declaringClass":"co.edu.udea.calidad.taks.AddInformation","methodName":"performAs","fileName":"AddInformation.java","lineNumber":26},{"declaringClass":"co.edu.udea.calidad.stepdefinitions.FindTvInStoreStepDefinitions","methodName":"inputSearchText","fileName":"FindTvInStoreStepDefinitions.java","lineNumber":21},{"declaringClass":"cucumber.runner.Runner","methodName":"runPickle","fileName":"Runner.java","lineNumber":80},{"declaringClass":"worker.org.gradle.process.internal.worker.GradleWorkerMain","methodName":"run","fileName":"GradleWorkerMain.java","lineNumber":69},{"declaringClass":"worker.org.gradle.process.internal.worker.GradleWorkerMain","methodName":"main","fileName":"GradleWorkerMain.java","lineNumber":74}],"rootCause":{"errorType":"org.openqa.selenium.TimeoutException","message":"Expected condition failed: waiting for By.cssSelector: (//button[contains(@class, \u0027mt-3 text-white text-md rounded-full px-4 py-2 font-semibold hover:scale-105 bg-blue-500\u0027)] to be enabled (tried for 5 second(s) with 100 milliseconds interval)","stackTrace":[{"declaringClass":"co.edu.udea.calidad.taks.AddInformation","methodName":"performAs","fileName":"AddInformation.java","lineNumber":26},{"declaringClass":"co.edu.udea.calidad.stepdefinitions.FindTvInStoreStepDefinitions","methodName":"inputSearchText","fileName":"FindTvInStoreStepDefinitions.java","lineNumber":21},{"declaringClass":"cucumber.runner.Runner","methodName":"runPickle","fileName":"Runner.java","lineNumber":80},{"declaringClass":"worker.org.gradle.process.internal.worker.GradleWorkerMain","methodName":"run","fileName":"GradleWorkerMain.java","lineNumber":69},{"declaringClass":"worker.org.gradle.process.internal.worker.GradleWorkerMain","methodName":"main","fileName":"GradleWorkerMain.java","lineNumber":74}],"rootCause":{"errorType":"org.openqa.selenium.InvalidSelectorException","message":"invalid selector: An invalid or illegal selector was specified\n  (Session info: chrome\u003d119.0.6045.160)\nFor documentation on this error, please visit: https://www.seleniumhq.org/exceptions/invalid_selector_exception.html\nBuild info: version: \u00273.141.59\u0027, revision: \u0027e82be7d358\u0027, time: \u00272018-11-14T08:17:03\u0027\nSystem info: host: \u0027MSI_ELVER001\u0027, ip: \u0027192.168.1.61\u0027, os.name: \u0027Windows 10\u0027, os.arch: \u0027amd64\u0027, os.version: \u002710.0\u0027, java.version: \u00271.8.0_201\u0027\nDriver info: org.openqa.selenium.chrome.ChromeDriver\nCapabilities {acceptInsecureCerts: false, browserName: chrome, browserVersion: 119.0.6045.160, chrome: {chromedriverVersion: 119.0.6045.105 (38c72552c5e..., userDataDir: C:\\Users\\arroy\\AppData\\Loca...}, fedcm:accounts: true, goog:chromeOptions: {debuggerAddress: localhost:65035}, javascriptEnabled: true, networkConnectionEnabled: false, pageLoadStrategy: normal, platform: WINDOWS, platformName: WINDOWS, proxy: Proxy(), setWindowRect: true, strictFileInteractability: false, timeouts: {implicit: 0, pageLoad: 300000, script: 30000}, unhandledPromptBehavior: dismiss and notify, webauthn:extension:credBlob: true, webauthn:extension:largeBlob: true, webauthn:extension:minPinLength: true, webauthn:extension:prf: true, webauthn:virtualAuthenticators: true}\nSession ID: 4613bb19c3929884a3216b0c07943577\n*** Element info: {Using\u003dcss selector, value\u003d(//button[contains(@class, \u0027mt-3 text-white text-md rounded-full px-4 py-2 font-semibold hover:scale-105 bg-blue-500\u0027)]}","stackTrace":[{"declaringClass":"co.edu.udea.calidad.taks.AddInformation","methodName":"performAs","fileName":"AddInformation.java","lineNumber":26},{"declaringClass":"co.edu.udea.calidad.stepdefinitions.FindTvInStoreStepDefinitions","methodName":"inputSearchText","fileName":"FindTvInStoreStepDefinitions.java","lineNumber":21},{"declaringClass":"cucumber.runner.Runner","methodName":"runPickle","fileName":"Runner.java","lineNumber":80},{"declaringClass":"worker.org.gradle.process.internal.worker.GradleWorkerMain","methodName":"run","fileName":"GradleWorkerMain.java","lineNumber":69},{"declaringClass":"worker.org.gradle.process.internal.worker.GradleWorkerMain","methodName":"main","fileName":"GradleWorkerMain.java","lineNumber":74}]}}},"result":"FAILURE","precondition":false,"level":1,"children":[{"number":4,"description":"Customer add information","duration":7465,"startTime":"2023-11-21T22:00:57.462-05:00[America/Bogota]","screenshots":[{"screenshot":"c23799758a522b0741bce8c56160bd7fe442a7b9d7c8f750958ecaca3b40a952.png","timeStamp":1700622057676}],"exception":{"errorType":"net.thucydides.core.webdriver.exceptions.ElementShouldBeEnabledException","message":"Expected enabled element was not enabled","stackTrace":[{"declaringClass":"co.edu.udea.calidad.taks.AddInformation","methodName":"performAs","fileName":"AddInformation.java","lineNumber":26},{"declaringClass":"co.edu.udea.calidad.stepdefinitions.FindTvInStoreStepDefinitions","methodName":"inputSearchText","fileName":"FindTvInStoreStepDefinitions.java","lineNumber":21},{"declaringClass":"cucumber.runner.Runner","methodName":"runPickle","fileName":"Runner.java","lineNumber":80},{"declaringClass":"worker.org.gradle.process.internal.worker.GradleWorkerMain","methodName":"run","fileName":"GradleWorkerMain.java","lineNumber":69},{"declaringClass":"worker.org.gradle.process.internal.worker.GradleWorkerMain","methodName":"main","fileName":"GradleWorkerMain.java","lineNumber":74}],"rootCause":{"errorType":"org.openqa.selenium.TimeoutException","message":"Expected condition failed: waiting for By.cssSelector: (//button[contains(@class, \u0027mt-3 text-white text-md rounded-full px-4 py-2 font-semibold hover:scale-105 bg-blue-500\u0027)] to be enabled (tried for 5 second(s) with 100 milliseconds interval)","stackTrace":[{"declaringClass":"co.edu.udea.calidad.taks.AddInformation","methodName":"performAs","fileName":"AddInformation.java","lineNumber":26},{"declaringClass":"co.edu.udea.calidad.stepdefinitions.FindTvInStoreStepDefinitions","methodName":"inputSearchText","fileName":"FindTvInStoreStepDefinitions.java","lineNumber":21},{"declaringClass":"cucumber.runner.Runner","methodName":"runPickle","fileName":"Runner.java","lineNumber":80},{"declaringClass":"worker.org.gradle.process.internal.worker.GradleWorkerMain","methodName":"run","fileName":"GradleWorkerMain.java","lineNumber":69},{"declaringClass":"worker.org.gradle.process.internal.worker.GradleWorkerMain","methodName":"main","fileName":"GradleWorkerMain.java","lineNumber":74}],"rootCause":{"errorType":"org.openqa.selenium.InvalidSelectorException","message":"invalid selector: An invalid or illegal selector was specified\n  (Session info: chrome\u003d119.0.6045.160)\nFor documentation on this error, please visit: https://www.seleniumhq.org/exceptions/invalid_selector_exception.html\nBuild info: version: \u00273.141.59\u0027, revision: \u0027e82be7d358\u0027, time: \u00272018-11-14T08:17:03\u0027\nSystem info: host: \u0027MSI_ELVER001\u0027, ip: \u0027192.168.1.61\u0027, os.name: \u0027Windows 10\u0027, os.arch: \u0027amd64\u0027, os.version: \u002710.0\u0027, java.version: \u00271.8.0_201\u0027\nDriver info: org.openqa.selenium.chrome.ChromeDriver\nCapabilities {acceptInsecureCerts: false, browserName: chrome, browserVersion: 119.0.6045.160, chrome: {chromedriverVersion: 119.0.6045.105 (38c72552c5e..., userDataDir: C:\\Users\\arroy\\AppData\\Loca...}, fedcm:accounts: true, goog:chromeOptions: {debuggerAddress: localhost:65035}, javascriptEnabled: true, networkConnectionEnabled: false, pageLoadStrategy: normal, platform: WINDOWS, platformName: WINDOWS, proxy: Proxy(), setWindowRect: true, strictFileInteractability: false, timeouts: {implicit: 0, pageLoad: 300000, script: 30000}, unhandledPromptBehavior: dismiss and notify, webauthn:extension:credBlob: true, webauthn:extension:largeBlob: true, webauthn:extension:minPinLength: true, webauthn:extension:prf: true, webauthn:virtualAuthenticators: true}\nSession ID: 4613bb19c3929884a3216b0c07943577\n*** Element info: {Using\u003dcss selector, value\u003d(//button[contains(@class, \u0027mt-3 text-white text-md rounded-full px-4 py-2 font-semibold hover:scale-105 bg-blue-500\u0027)]}","stackTrace":[{"declaringClass":"co.edu.udea.calidad.taks.AddInformation","methodName":"performAs","fileName":"AddInformation.java","lineNumber":26},{"declaringClass":"co.edu.udea.calidad.stepdefinitions.FindTvInStoreStepDefinitions","methodName":"inputSearchText","fileName":"FindTvInStoreStepDefinitions.java","lineNumber":21},{"declaringClass":"cucumber.runner.Runner","methodName":"runPickle","fileName":"Runner.java","lineNumber":80},{"declaringClass":"worker.org.gradle.process.internal.worker.GradleWorkerMain","methodName":"run","fileName":"GradleWorkerMain.java","lineNumber":69},{"declaringClass":"worker.org.gradle.process.internal.worker.GradleWorkerMain","methodName":"main","fileName":"GradleWorkerMain.java","lineNumber":74}]}}},"result":"FAILURE","precondition":false,"level":2,"children":[{"number":5,"description":"customer enters \u002712345\u0027 into INPUT socio document","duration":855,"startTime":"2023-11-21T22:00:57.725-05:00[America/Bogota]","screenshots":[{"screenshot":"c23799758a522b0741bce8c56160bd7fe442a7b9d7c8f750958ecaca3b40a952.png","timeStamp":1700622058149},{"screenshot":"0bc031fe24241a23b24202b14a6d2183af2e33d2cb74953f423474c3feb8a25a.png","timeStamp":1700622058580}],"result":"SUCCESS","precondition":false,"level":3},{"number":6,"description":"customer enters \u0027PEPE CUENCA\u0027 into INPUT socio document","duration":323,"startTime":"2023-11-21T22:00:58.585-05:00[America/Bogota]","screenshots":[{"screenshot":"0bc031fe24241a23b24202b14a6d2183af2e33d2cb74953f423474c3feb8a25a.png","timeStamp":1700622058588},{"screenshot":"07dc0db574ae6a9b13484585031355239a1488e88c653e83fbe9170ed8ad9ac3.png","timeStamp":1700622058908}],"result":"SUCCESS","precondition":false,"level":3},{"number":7,"description":"customer enters \u0027pepe@gmail.com\u0027 into INPUT socio document","duration":280,"startTime":"2023-11-21T22:00:58.910-05:00[America/Bogota]","screenshots":[{"screenshot":"07dc0db574ae6a9b13484585031355239a1488e88c653e83fbe9170ed8ad9ac3.png","timeStamp":1700622058912},{"screenshot":"de1ca774d46b2d864d6d1f2f5180fd18b4274ac28fe3a12b80c01fa168252cd6.png","timeStamp":1700622059189}],"result":"SUCCESS","precondition":false,"level":3},{"number":8,"description":"customer enters \u00273123128223\u0027 into INPUT socio document","duration":247,"startTime":"2023-11-21T22:00:59.192-05:00[America/Bogota]","screenshots":[{"screenshot":"de1ca774d46b2d864d6d1f2f5180fd18b4274ac28fe3a12b80c01fa168252cd6.png","timeStamp":1700622059194},{"screenshot":"98748f577923a3160c015eef23c0cb9deabe0f8302cdb60544fed7c078dc2b23.png","timeStamp":1700622059439}],"result":"SUCCESS","precondition":false,"level":3},{"number":9,"description":"customer clicks on BTN to register socio","duration":5479,"startTime":"2023-11-21T22:00:59.441-05:00[America/Bogota]","screenshots":[{"screenshot":"98748f577923a3160c015eef23c0cb9deabe0f8302cdb60544fed7c078dc2b23.png","timeStamp":1700622059442},{"screenshot":"555e36d2bb372b0172d68c8277b543abcb085954f88406ce55963fadfda925ec.png","htmlSource":"pagesource3190558004829349044.html.txt","timeStamp":1700622064909}],"exception":{"errorType":"net.thucydides.core.webdriver.exceptions.ElementShouldBeEnabledException","message":"Expected enabled element was not enabled","stackTrace":[{"declaringClass":"co.edu.udea.calidad.taks.AddInformation","methodName":"performAs","fileName":"AddInformation.java","lineNumber":26},{"declaringClass":"co.edu.udea.calidad.stepdefinitions.FindTvInStoreStepDefinitions","methodName":"inputSearchText","fileName":"FindTvInStoreStepDefinitions.java","lineNumber":21},{"declaringClass":"cucumber.runner.Runner","methodName":"runPickle","fileName":"Runner.java","lineNumber":80},{"declaringClass":"worker.org.gradle.process.internal.worker.GradleWorkerMain","methodName":"run","fileName":"GradleWorkerMain.java","lineNumber":69},{"declaringClass":"worker.org.gradle.process.internal.worker.GradleWorkerMain","methodName":"main","fileName":"GradleWorkerMain.java","lineNumber":74}],"rootCause":{"errorType":"org.openqa.selenium.TimeoutException","message":"Expected condition failed: waiting for By.cssSelector: (//button[contains(@class, \u0027mt-3 text-white text-md rounded-full px-4 py-2 font-semibold hover:scale-105 bg-blue-500\u0027)] to be enabled (tried for 5 second(s) with 100 milliseconds interval)","stackTrace":[{"declaringClass":"co.edu.udea.calidad.taks.AddInformation","methodName":"performAs","fileName":"AddInformation.java","lineNumber":26},{"declaringClass":"co.edu.udea.calidad.stepdefinitions.FindTvInStoreStepDefinitions","methodName":"inputSearchText","fileName":"FindTvInStoreStepDefinitions.java","lineNumber":21},{"declaringClass":"cucumber.runner.Runner","methodName":"runPickle","fileName":"Runner.java","lineNumber":80},{"declaringClass":"worker.org.gradle.process.internal.worker.GradleWorkerMain","methodName":"run","fileName":"GradleWorkerMain.java","lineNumber":69},{"declaringClass":"worker.org.gradle.process.internal.worker.GradleWorkerMain","methodName":"main","fileName":"GradleWorkerMain.java","lineNumber":74}],"rootCause":{"errorType":"org.openqa.selenium.InvalidSelectorException","message":"invalid selector: An invalid or illegal selector was specified\n  (Session info: chrome\u003d119.0.6045.160)\nFor documentation on this error, please visit: https://www.seleniumhq.org/exceptions/invalid_selector_exception.html\nBuild info: version: \u00273.141.59\u0027, revision: \u0027e82be7d358\u0027, time: \u00272018-11-14T08:17:03\u0027\nSystem info: host: \u0027MSI_ELVER001\u0027, ip: \u0027192.168.1.61\u0027, os.name: \u0027Windows 10\u0027, os.arch: \u0027amd64\u0027, os.version: \u002710.0\u0027, java.version: \u00271.8.0_201\u0027\nDriver info: org.openqa.selenium.chrome.ChromeDriver\nCapabilities {acceptInsecureCerts: false, browserName: chrome, browserVersion: 119.0.6045.160, chrome: {chromedriverVersion: 119.0.6045.105 (38c72552c5e..., userDataDir: C:\\Users\\arroy\\AppData\\Loca...}, fedcm:accounts: true, goog:chromeOptions: {debuggerAddress: localhost:65035}, javascriptEnabled: true, networkConnectionEnabled: false, pageLoadStrategy: normal, platform: WINDOWS, platformName: WINDOWS, proxy: Proxy(), setWindowRect: true, strictFileInteractability: false, timeouts: {implicit: 0, pageLoad: 300000, script: 30000}, unhandledPromptBehavior: dismiss and notify, webauthn:extension:credBlob: true, webauthn:extension:largeBlob: true, webauthn:extension:minPinLength: true, webauthn:extension:prf: true, webauthn:virtualAuthenticators: true}\nSession ID: 4613bb19c3929884a3216b0c07943577\n*** Element info: {Using\u003dcss selector, value\u003d(//button[contains(@class, \u0027mt-3 text-white text-md rounded-full px-4 py-2 font-semibold hover:scale-105 bg-blue-500\u0027)]}","stackTrace":[{"declaringClass":"co.edu.udea.calidad.taks.AddInformation","methodName":"performAs","fileName":"AddInformation.java","lineNumber":26},{"declaringClass":"co.edu.udea.calidad.stepdefinitions.FindTvInStoreStepDefinitions","methodName":"inputSearchText","fileName":"FindTvInStoreStepDefinitions.java","lineNumber":21},{"declaringClass":"cucumber.runner.Runner","methodName":"runPickle","fileName":"Runner.java","lineNumber":80},{"declaringClass":"worker.org.gradle.process.internal.worker.GradleWorkerMain","methodName":"run","fileName":"GradleWorkerMain.java","lineNumber":69},{"declaringClass":"worker.org.gradle.process.internal.worker.GradleWorkerMain","methodName":"main","fileName":"GradleWorkerMain.java","lineNumber":74}]}}},"result":"FAILURE","precondition":false,"level":3}]}]}]},{"number":10,"description":"And Y adjunto los siguientes documentos","duration":4,"startTime":"2023-11-21T22:01:04.950-05:00[America/Bogota]","result":"SKIPPED","precondition":false,"level":0},{"number":11,"description":"Then Entonces deberia ver un mensaje de confirmacion","duration":2,"startTime":"2023-11-21T22:01:04.956-05:00[America/Bogota]","result":"SKIPPED","precondition":false,"level":0}],"userStory":{"id":"validar-registro-exitoso-de-un-nuevo-socio-conductor","storyName":"Validar registro exitoso de un nuevo socio conductor","path":"src/test/resources/features/find_tv_in-amazon.feature","type":"feature"},"featureTag":{"name":"Features/Validar registro exitoso de un nuevo socio conductor","type":"feature","displayName":"Features/Validar registro exitoso de un nuevo socio conductor"},"title":"Dado que estoy en la página de registro de la plataforma","tags":[{"name":"Validar registro exitoso de un nuevo socio conductor","type":"feature","displayName":"Validar registro exitoso de un nuevo socio conductor"}],"startTime":"2023-11-21T22:00:52.279-05:00[America/Bogota]","duration":13391,"testFailureCause":{"errorType":"net.thucydides.core.webdriver.exceptions.ElementShouldBeEnabledException","message":"Expected enabled element was not enabled","stackTrace":[{"declaringClass":"co.edu.udea.calidad.taks.AddInformation","methodName":"performAs","fileName":"AddInformation.java","lineNumber":26},{"declaringClass":"co.edu.udea.calidad.stepdefinitions.FindTvInStoreStepDefinitions","methodName":"inputSearchText","fileName":"FindTvInStoreStepDefinitions.java","lineNumber":21},{"declaringClass":"cucumber.runner.Runner","methodName":"runPickle","fileName":"Runner.java","lineNumber":80},{"declaringClass":"worker.org.gradle.process.internal.worker.GradleWorkerMain","methodName":"run","fileName":"GradleWorkerMain.java","lineNumber":69},{"declaringClass":"worker.org.gradle.process.internal.worker.GradleWorkerMain","methodName":"main","fileName":"GradleWorkerMain.java","lineNumber":74}],"rootCause":{"errorType":"org.openqa.selenium.TimeoutException","message":"Expected condition failed: waiting for By.cssSelector: (//button[contains(@class, \u0027mt-3 text-white text-md rounded-full px-4 py-2 font-semibold hover:scale-105 bg-blue-500\u0027)] to be enabled (tried for 5 second(s) with 100 milliseconds interval)","stackTrace":[{"declaringClass":"co.edu.udea.calidad.taks.AddInformation","methodName":"performAs","fileName":"AddInformation.java","lineNumber":26},{"declaringClass":"co.edu.udea.calidad.stepdefinitions.FindTvInStoreStepDefinitions","methodName":"inputSearchText","fileName":"FindTvInStoreStepDefinitions.java","lineNumber":21},{"declaringClass":"cucumber.runner.Runner","methodName":"runPickle","fileName":"Runner.java","lineNumber":80},{"declaringClass":"worker.org.gradle.process.internal.worker.GradleWorkerMain","methodName":"run","fileName":"GradleWorkerMain.java","lineNumber":69},{"declaringClass":"worker.org.gradle.process.internal.worker.GradleWorkerMain","methodName":"main","fileName":"GradleWorkerMain.java","lineNumber":74}],"rootCause":{"errorType":"org.openqa.selenium.InvalidSelectorException","message":"invalid selector: An invalid or illegal selector was specified\n  (Session info: chrome\u003d119.0.6045.160)\nFor documentation on this error, please visit: https://www.seleniumhq.org/exceptions/invalid_selector_exception.html\nBuild info: version: \u00273.141.59\u0027, revision: \u0027e82be7d358\u0027, time: \u00272018-11-14T08:17:03\u0027\nSystem info: host: \u0027MSI_ELVER001\u0027, ip: \u0027192.168.1.61\u0027, os.name: \u0027Windows 10\u0027, os.arch: \u0027amd64\u0027, os.version: \u002710.0\u0027, java.version: \u00271.8.0_201\u0027\nDriver info: org.openqa.selenium.chrome.ChromeDriver\nCapabilities {acceptInsecureCerts: false, browserName: chrome, browserVersion: 119.0.6045.160, chrome: {chromedriverVersion: 119.0.6045.105 (38c72552c5e..., userDataDir: C:\\Users\\arroy\\AppData\\Loca...}, fedcm:accounts: true, goog:chromeOptions: {debuggerAddress: localhost:65035}, javascriptEnabled: true, networkConnectionEnabled: false, pageLoadStrategy: normal, platform: WINDOWS, platformName: WINDOWS, proxy: Proxy(), setWindowRect: true, strictFileInteractability: false, timeouts: {implicit: 0, pageLoad: 300000, script: 30000}, unhandledPromptBehavior: dismiss and notify, webauthn:extension:credBlob: true, webauthn:extension:largeBlob: true, webauthn:extension:minPinLength: true, webauthn:extension:prf: true, webauthn:virtualAuthenticators: true}\nSession ID: 4613bb19c3929884a3216b0c07943577\n*** Element info: {Using\u003dcss selector, value\u003d(//button[contains(@class, \u0027mt-3 text-white text-md rounded-full px-4 py-2 font-semibold hover:scale-105 bg-blue-500\u0027)]}","stackTrace":[{"declaringClass":"co.edu.udea.calidad.taks.AddInformation","methodName":"performAs","fileName":"AddInformation.java","lineNumber":26},{"declaringClass":"co.edu.udea.calidad.stepdefinitions.FindTvInStoreStepDefinitions","methodName":"inputSearchText","fileName":"FindTvInStoreStepDefinitions.java","lineNumber":21},{"declaringClass":"cucumber.runner.Runner","methodName":"runPickle","fileName":"Runner.java","lineNumber":80},{"declaringClass":"worker.org.gradle.process.internal.worker.GradleWorkerMain","methodName":"run","fileName":"GradleWorkerMain.java","lineNumber":69},{"declaringClass":"worker.org.gradle.process.internal.worker.GradleWorkerMain","methodName":"main","fileName":"GradleWorkerMain.java","lineNumber":74}]}}},"testFailureClassname":"net.thucydides.core.webdriver.exceptions.ElementShouldBeEnabledException","testFailureMessage":"Expected enabled element was not enabled","testFailureSummary":"FAILURE;net.thucydides.core.webdriver.exceptions.ElementShouldBeEnabledException;Expected enabled element was not enabled;AddInformation.java","projectKey":"","annotatedResult":"FAILURE","driver":"chrome","isManualTestingUpToDate":false,"dataTable":{"headers":["document","fullName","email","phone"],"rows":[{"values":["12345","PEPE CUENCA","pepe@gmail.com","3123128223"],"result":"FAILURE"}],"predefinedRows":true,"scenarioOutline":"Given El socio entra en la paggina de registrar socio\n\rWhen completo el formulario de registro con los siguientes datos:\n\rAnd Y adjunto los siguientes documentos\n\rThen Entonces deberia ver un mensaje de confirmacion\n\r","dataSetDescriptors":[{"startRow":0,"rowCount":0,"name":""}]},"manual":false,"testSource":"Cucumber","actors":[{"name":"customer","can":["browse the web"]}],"result":"FAILURE","scenarioOutline":"Given El socio entra en la paggina de registrar socio\r\nWhen completo el formulario de registro con los siguientes datos:\r\n|document | fullName | email | phone|\r\n|\u003cdocument\u003e | \u003cfullName\u003e | \u003cemail\u003e | \u003cphone\u003e|\r\nAnd Y adjunto los siguientes documentos\r\nThen Entonces deberia ver un mensaje de confirmacion"}